#
# There is insufficient memory for the Java Runtime Environment to continue.
# Native memory allocation (malloc) failed to allocate 775296 bytes for Chunk::new
# Possible reasons:
#   The system is out of physical RAM or swap space
#   In 32 bit mode, the process size limit was hit
# Possible solutions:
#   Reduce memory load on the system
#   Increase physical memory or swap space
#   Check if swap backing store is full
#   Use 64 bit Java on a 64 bit OS
#   Decrease Java heap size (-Xmx/-Xms)
#   Decrease number of Java threads
#   Decrease Java thread stack sizes (-Xss)
#   Set larger code cache with -XX:ReservedCodeCacheSize=
# This output file may be truncated or incomplete.
#
#  Out of Memory Error (allocation.cpp:390), pid=9252, tid=14480
#
# JRE version: Java(TM) SE Runtime Environment (8.0_25-b18) (build 1.8.0_25-b18)
# Java VM: Java HotSpot(TM) 64-Bit Server VM (25.25-b02 mixed mode windows-amd64 compressed oops)
# Failed to write core dump. Minidumps are not enabled by default on client versions of Windows
#

---------------  T H R E A D  ---------------

Current thread (0x0000000014a4c800):  JavaThread "C2 CompilerThread0" daemon [_thread_in_native, id=14480, stack(0x0000000015fb0000,0x00000000160b0000)]

Stack: [0x0000000015fb0000,0x00000000160b0000]
Native frames: (J=compiled Java code, j=interpreted, Vv=VM code, C=native code)
V  [jvm.dll+0x31667a]
V  [jvm.dll+0x267073]
V  [jvm.dll+0x267cb3]
V  [jvm.dll+0x25f5b5]
V  [jvm.dll+0xbf165]
V  [jvm.dll+0xbf60c]
V  [jvm.dll+0x45d672]
V  [jvm.dll+0x49e8ef]
V  [jvm.dll+0x4524ef]
V  [jvm.dll+0x453864]
V  [jvm.dll+0x437372]
V  [jvm.dll+0x98a02]
V  [jvm.dll+0x991f3]
V  [jvm.dll+0x22bde4]
V  [jvm.dll+0x2852fa]
C  [msvcr100.dll+0x21d9f]
C  [msvcr100.dll+0x21e3b]
C  [KERNEL32.DLL+0x18102]
C  [ntdll.dll+0x5c5b4]


Current CompileTask:
C2:   1825 1239       4       com.android.dx.ssa.SCCP::simulateStmt (481 bytes)


---------------  P R O C E S S  ---------------

Java Threads: ( => current thread )
  0x00000000165c4000 JavaThread "pool-1-thread-1" [_thread_in_Java, id=17940, stack(0x00000000187a0000,0x00000000188a0000)]
  0x0000000014aae800 JavaThread "Service Thread" daemon [_thread_blocked, id=15552, stack(0x00000000166b0000,0x00000000167b0000)]
  0x0000000014a58000 JavaThread "C1 CompilerThread2" daemon [_thread_in_native, id=732, stack(0x00000000161b0000,0x00000000162b0000)]
  0x0000000014a51800 JavaThread "C2 CompilerThread1" daemon [_thread_in_native, id=10492, stack(0x00000000160b0000,0x00000000161b0000)]
=>0x0000000014a4c800 JavaThread "C2 CompilerThread0" daemon [_thread_in_native, id=14480, stack(0x0000000015fb0000,0x00000000160b0000)]
  0x0000000014a4b000 JavaThread "Attach Listener" daemon [_thread_blocked, id=1000, stack(0x0000000015eb0000,0x0000000015fb0000)]
  0x0000000014a4a000 JavaThread "Signal Dispatcher" daemon [_thread_blocked, id=13792, stack(0x0000000015db0000,0x0000000015eb0000)]
  0x0000000002371800 JavaThread "Finalizer" daemon [_thread_blocked, id=16620, stack(0x0000000015cb0000,0x0000000015db0000)]
  0x000000000236e000 JavaThread "Reference Handler" daemon [_thread_blocked, id=16600, stack(0x0000000015bb0000,0x0000000015cb0000)]
  0x00000000009ad800 JavaThread "main" [_thread_blocked, id=11328, stack(0x0000000002180000,0x0000000002280000)]

Other Threads:
  0x0000000014a15800 VMThread [stack: 0x0000000015ab0000,0x0000000015bb0000] [id=5800]
  0x00000000162d9000 WatcherThread [stack: 0x00000000167b0000,0x00000000168b0000] [id=14652]

VM state:not at safepoint (normal execution)

VM Mutex/Monitor currently owned by a thread: None

Heap:
 PSYoungGen      total 71680K, used 22265K [0x00000000eab00000, 0x00000000ef600000, 0x0000000100000000)
  eden space 66560K, 25% used [0x00000000eab00000,0x00000000ebbbf000,0x00000000eec00000)
  from space 5120K, 99% used [0x00000000eec00000,0x00000000ef0ff638,0x00000000ef100000)
  to   space 5120K, 0% used [0x00000000ef100000,0x00000000ef100000,0x00000000ef600000)
 ParOldGen       total 87552K, used 14738K [0x00000000c0000000, 0x00000000c5580000, 0x00000000eab00000)
  object space 87552K, 16% used [0x00000000c0000000,0x00000000c0e64948,0x00000000c5580000)
 Metaspace       used 6153K, capacity 7088K, committed 7296K, reserved 1056768K
  class space    used 608K, capacity 616K, committed 640K, reserved 1048576K

Card table byte_map: [0x0000000011740000,0x0000000011950000] byte_map_base: 0x0000000011140000

Marking Bits: (ParMarkBitMap*) 0x000000006166d490
 Begin Bits: [0x0000000011eb0000, 0x0000000012eb0000)
 End Bits:   [0x0000000012eb0000, 0x0000000013eb0000)

Polling page: 0x00000000004f0000

CodeCache: size=245760Kb used=5344Kb max_used=5344Kb free=240415Kb
 bounds [0x0000000002380000, 0x00000000028c0000, 0x0000000011380000]
 total_blobs=1617 nmethods=1352 adapters=178
 compilation: enabled

Compilation events (10 events):
Event: 1.096 Thread 0x0000000014a58000 nmethod 1326 0x00000000028a8e10 code [0x00000000028a9000, 0x00000000028a99f8]
Event: 1.096 Thread 0x0000000014a58000 1327       3       com.android.dx.cf.iface.StdMethod::<init> (40 bytes)
Event: 1.097 Thread 0x0000000014a58000 nmethod 1327 0x00000000028aa150 code [0x00000000028aa320, 0x00000000028aad88]
Event: 1.097 Thread 0x0000000014a58000 1328       3       com.android.dx.cf.iface.StdMember::getDescriptor (8 bytes)
Event: 1.097 Thread 0x0000000014a58000 nmethod 1328 0x00000000028ab210 code [0x00000000028ab360, 0x00000000028ab550]
Event: 1.097 Thread 0x0000000014a58000 1329       3       com.android.dx.rop.type.Prototype::intern (31 bytes)
Event: 1.097 Thread 0x0000000014a58000 nmethod 1329 0x00000000028ab610 code [0x00000000028ab7a0, 0x00000000028abb28]
Event: 1.097 Thread 0x0000000014a58000 1330       3       com.android.dx.cf.iface.StdMethodList::set (7 bytes)
Event: 1.097 Thread 0x0000000014a58000 nmethod 1330 0x00000000028abc90 code [0x00000000028abe60, 0x00000000028ac608]
Event: 1.097 Thread 0x0000000014a58000 1332   !   3       com.android.dx.cf.attrib.AttLineNumberTable::<init> (43 bytes)

GC Heap History (2 events):
Event: 0.944 GC heap before
{Heap before GC invocations=1 (full 0):
 PSYoungGen      total 38400K, used 33280K [0x00000000eab00000, 0x00000000ed580000, 0x0000000100000000)
  eden space 33280K, 100% used [0x00000000eab00000,0x00000000ecb80000,0x00000000ecb80000)
  from space 5120K, 0% used [0x00000000ed080000,0x00000000ed080000,0x00000000ed580000)
  to   space 5120K, 0% used [0x00000000ecb80000,0x00000000ecb80000,0x00000000ed080000)
 ParOldGen       total 87552K, used 0K [0x00000000c0000000, 0x00000000c5580000, 0x00000000eab00000)
  object space 87552K, 0% used [0x00000000c0000000,0x00000000c0000000,0x00000000c5580000)
 Metaspace       used 5941K, capacity 6896K, committed 7040K, reserved 1056768K
  class space    used 589K, capacity 616K, committed 640K, reserved 1048576K
Event: 0.959 GC heap after
Heap after GC invocations=1 (full 0):
 PSYoungGen      total 38400K, used 5092K [0x00000000eab00000, 0x00000000ef600000, 0x0000000100000000)
  eden space 33280K, 0% used [0x00000000eab00000,0x00000000eab00000,0x00000000ecb80000)
  from space 5120K, 99% used [0x00000000ecb80000,0x00000000ed0791f0,0x00000000ed080000)
  to   space 5120K, 0% used [0x00000000ef100000,0x00000000ef100000,0x00000000ef600000)
 ParOldGen       total 87552K, used 830K [0x00000000c0000000, 0x00000000c5580000, 0x00000000eab00000)
  object space 87552K, 0% used [0x00000000c0000000,0x00000000c00cfbb8,0x00000000c5580000)
 Metaspace       used 5941K, capacity 6896K, committed 7040K, reserved 1056768K
  class space    used 589K, capacity 616K, committed 640K, reserved 1048576K
}

Deoptimization events (2 events):
Event: 1.076 Thread 0x00000000165a8800 Uncommon trap: reason=null_check action=make_not_entrant pc=0x000000000269f12c method=com.android.dx.ssa.SsaRenamer.getLocalForNewReg(I)Lcom/android/dx/rop/code/LocalItem; @ 19
Event: 1.085 Thread 0x0000000016530800 Uncommon trap: reason=unreached action=reinterpret pc=0x00000000026cacdc method=com.android.dx.rop.cst.Constant.compareTo(Lcom/android/dx/rop/cst/Constant;)I @ 12

Internal exceptions (10 events):
Event: 0.545 Thread 0x00000000009ad800 Exception <a 'java/security/PrivilegedActionException'> (0x00000000eba420c8) thrown at [D:\re\workspace\8-2-build-windows-amd64-cygwin\jdk8u25\1677\hotspot\src\share\vm\prims\jvm.cpp, line 1312]
Event: 0.554 Thread 0x00000000009ad800 Exception <a 'java/security/PrivilegedActionException'> (0x00000000eba5ae18) thrown at [D:\re\workspace\8-2-build-windows-amd64-cygwin\jdk8u25\1677\hotspot\src\share\vm\prims\jvm.cpp, line 1312]
Event: 0.642 Thread 0x00000000009ad800 Exception <a 'java/security/PrivilegedActionException'> (0x00000000ebc2e5e0) thrown at [D:\re\workspace\8-2-build-windows-amd64-cygwin\jdk8u25\1677\hotspot\src\share\vm\prims\jvm.cpp, line 1312]
Event: 0.668 Thread 0x00000000009ad800 Exception <a 'java/security/PrivilegedActionException'> (0x00000000ebccb198) thrown at [D:\re\workspace\8-2-build-windows-amd64-cygwin\jdk8u25\1677\hotspot\src\share\vm\prims\jvm.cpp, line 1312]
Event: 0.697 Thread 0x00000000165c5000 Exception <a 'java/security/PrivilegedActionException'> (0x00000000ebd36aa8) thrown at [D:\re\workspace\8-2-build-windows-amd64-cygwin\jdk8u25\1677\hotspot\src\share\vm\prims\jvm.cpp, line 1312]
Event: 0.760 Thread 0x00000000165a8800 Exception <a 'java/security/PrivilegedActionException'> (0x00000000ec050818) thrown at [D:\re\workspace\8-2-build-windows-amd64-cygwin\jdk8u25\1677\hotspot\src\share\vm\prims\jvm.cpp, line 1312]
Event: 0.761 Thread 0x00000000165a8800 Exception <a 'java/security/PrivilegedActionException'> (0x00000000ec056268) thrown at [D:\re\workspace\8-2-build-windows-amd64-cygwin\jdk8u25\1677\hotspot\src\share\vm\prims\jvm.cpp, line 1312]
Event: 0.761 Thread 0x00000000165a8800 Exception <a 'java/security/PrivilegedActionException'> (0x00000000ec05ba60) thrown at [D:\re\workspace\8-2-build-windows-amd64-cygwin\jdk8u25\1677\hotspot\src\share\vm\prims\jvm.cpp, line 1312]
Event: 0.798 Thread 0x0000000016530800 Exception <a 'java/security/PrivilegedActionException'> (0x00000000ec0ce280) thrown at [D:\re\workspace\8-2-build-windows-amd64-cygwin\jdk8u25\1677\hotspot\src\share\vm\prims\jvm.cpp, line 1312]
Event: 1.076 Thread 0x00000000165a8800 Implicit null exception at 0x000000000269ccd7 to 0x000000000269f105

Events (10 events):
Event: 0.941 Executing VM operation: ParallelGCFailedAllocation
Event: 0.959 Executing VM operation: ParallelGCFailedAllocation done
Event: 0.959 loading class sun/misc/Cleaner
Event: 0.959 loading class sun/misc/Cleaner done
Event: 1.076 Thread 0x00000000165a8800 Uncommon trap: trap_request=0xfffffff4 fr.pc=0x000000000269f12c
Event: 1.076 Thread 0x00000000165a8800 DEOPT PACKING pc=0x000000000269f12c sp=0x00000000173ae580
Event: 1.076 Thread 0x00000000165a8800 DEOPT UNPACKING pc=0x00000000023c556a sp=0x00000000173ae3c8 mode 2
Event: 1.085 Thread 0x0000000016530800 Uncommon trap: trap_request=0xffffffad fr.pc=0x00000000026cacdc
Event: 1.085 Thread 0x0000000016530800 DEOPT PACKING pc=0x00000000026cacdc sp=0x00000000171ae3e0
Event: 1.085 Thread 0x0000000016530800 DEOPT UNPACKING pc=0x00000000023c556a sp=0x00000000171ae380 mode 2


Dynamic libraries:
0x00007ff61bb90000 - 0x00007ff61bbc4000 	C:\Program Files\Java\jdk1.8.0_25\bin\java.exe
0x00007ffb4eb40000 - 0x00007ffb4ed01000 	C:\WINDOWS\SYSTEM32\ntdll.dll
0x00007ffb4c380000 - 0x00007ffb4c42d000 	C:\WINDOWS\system32\KERNEL32.DLL
0x00007ffb4bcf0000 - 0x00007ffb4bed8000 	C:\WINDOWS\system32\KERNELBASE.dll
0x00007ffb4e620000 - 0x00007ffb4e6c7000 	C:\WINDOWS\system32\ADVAPI32.dll
0x00007ffb4e020000 - 0x00007ffb4e0bd000 	C:\WINDOWS\system32\msvcrt.dll
0x00007ffb4dba0000 - 0x00007ffb4dbfb000 	C:\WINDOWS\system32\sechost.dll
0x00007ffb4e220000 - 0x00007ffb4e33c000 	C:\WINDOWS\system32\RPCRT4.dll
0x00007ffb4e0c0000 - 0x00007ffb4e216000 	C:\WINDOWS\system32\USER32.dll
0x00007ffb4e950000 - 0x00007ffb4ead6000 	C:\WINDOWS\system32\GDI32.dll
0x00007ffb3f010000 - 0x00007ffb3f284000 	C:\WINDOWS\WinSxS\amd64_microsoft.windows.common-controls_6595b64144ccf1df_6.0.10586.0_none_8c15ae12515e1c22\COMCTL32.dll
0x00007ffb4e6d0000 - 0x00007ffb4e94d000 	C:\WINDOWS\system32\combase.dll
0x00007ffb4b2b0000 - 0x00007ffb4b31a000 	C:\WINDOWS\system32\bcryptPrimitives.dll
0x00007ffb4ddb0000 - 0x00007ffb4ddeb000 	C:\WINDOWS\system32\IMM32.DLL
0x0000000060b90000 - 0x0000000060c62000 	C:\Program Files\Java\jdk1.8.0_25\jre\bin\msvcr100.dll
0x0000000060e90000 - 0x00000000616ea000 	C:\Program Files\Java\jdk1.8.0_25\jre\bin\server\jvm.dll
0x00007ffb4df40000 - 0x00007ffb4df48000 	C:\WINDOWS\system32\PSAPI.DLL
0x00007ffb3d170000 - 0x00007ffb3d179000 	C:\WINDOWS\SYSTEM32\WSOCK32.dll
0x00007ffb4de70000 - 0x00007ffb4dedb000 	C:\WINDOWS\system32\WS2_32.dll
0x00007ffb49a80000 - 0x00007ffb49aa3000 	C:\WINDOWS\SYSTEM32\WINMM.dll
0x00007ffb49a20000 - 0x00007ffb49a4c000 	C:\WINDOWS\SYSTEM32\WINMMBASE.dll
0x00007ffb4bbf0000 - 0x00007ffb4bc33000 	C:\WINDOWS\system32\cfgmgr32.dll
0x00000000620f0000 - 0x00000000620ff000 	C:\Program Files\Java\jdk1.8.0_25\jre\bin\verify.dll
0x00000000620c0000 - 0x00000000620e8000 	C:\Program Files\Java\jdk1.8.0_25\jre\bin\java.dll
0x00000000620a0000 - 0x00000000620b6000 	C:\Program Files\Java\jdk1.8.0_25\jre\bin\zip.dll
0x00007ffb4c4f0000 - 0x00007ffb4da4c000 	C:\WINDOWS\system32\SHELL32.dll
0x00007ffb4b3b0000 - 0x00007ffb4b9f5000 	C:\WINDOWS\system32\windows.storage.dll
0x00007ffb4eae0000 - 0x00007ffb4eb32000 	C:\WINDOWS\system32\shlwapi.dll
0x00007ffb4b160000 - 0x00007ffb4b16f000 	C:\WINDOWS\system32\kernel.appcore.dll
0x00007ffb4b1f0000 - 0x00007ffb4b2a5000 	C:\WINDOWS\system32\shcore.dll
0x00007ffb4b170000 - 0x00007ffb4b1bb000 	C:\WINDOWS\system32\powrprof.dll
0x00007ffb4b1d0000 - 0x00007ffb4b1e4000 	C:\WINDOWS\system32\profapi.dll
0x00007ffb47260000 - 0x00007ffb473ec000 	C:\WINDOWS\SYSTEM32\dbghelp.dll

VM Arguments:
jvm_args: -Djava.awt.headless=true -Xmx1024M -Dfile.encoding=windows-1252 -Duser.country=US -Duser.language=en -Duser.variant 
java_command: com.android.dx.command.Main --dex --force-jumbo --num-threads=4 --multi-dex --output C:\Users\Kayla\AndroidStudioProjects\FinalProject\app\build\intermediates\transforms\dex\debug\folders\1000\10\com.android.support-design-23.2.1_56d20e66a80032218570d250c58a783afff31b53 C:\Users\Kayla\AndroidStudioProjects\FinalProject\app\build\intermediates\exploded-aar\com.android.support\design\23.2.1\jars\classes.jar
java_class_path (initial): C:\Users\Kayla\AppData\Local\Android\sdk\build-tools\23.0.2\lib\dx.jar
Launcher Type: SUN_STANDARD

Environment Variables:
JAVA_HOME=C:\Program Files\Java\jdk1.8.0_25
PATH=C:\ProgramData\Oracle\Java\javapath;C:\Program Files (x86)\Intel\iCLS Client\;C:\Program Files\Intel\iCLS Client\;C:\WINDOWS\system32;C:\WINDOWS;C:\WINDOWS\System32\Wbem;C:\WINDOWS\System32\WindowsPowerShell\v1.0\;C:\Program Files\Intel\Intel(R) Management Engine Components\DAL;C:\Program Files\Intel\Intel(R) Management Engine Components\IPT;C:\Program Files (x86)\Intel\Intel(R) Management Engine Components\DAL;C:\Program Files (x86)\Intel\Intel(R) Management Engine Components\IPT;c:\Program Files\Intel\WiFi\bin\;c:\Program Files\Common Files\Intel\WirelessCommon\;C:\Program Files (x86)\Autodesk\Backburner\;C:\Program Files\OpenVPN\bin;C:\Program Files (x86)\Windows Kits\8.1\Windows Performance Toolkit\;C:\Program Files\Microsoft SQL Server\110\Tools\Binn\;C:\Program Files (x86)\Microsoft SDKs\TypeScript\1.0\;C:\Program Files\Microsoft SQL Server\120\Tools\Binn\;C:\Program Files (x86)\Windows Live\Shared;C:\Program Files (x86)\nodejs\;c:\Program Files\Intel\WiFi\bin\;c:\Program Files\Common Files\Intel\WirelessCommon\;C:\Program Files (x86)\SSH Communications Security\SSH Secure Shell;C:\Users\Kayla\AppData\Roaming\npm
USERNAME=Kayla
OS=Windows_NT
PROCESSOR_IDENTIFIER=Intel64 Family 6 Model 60 Stepping 3, GenuineIntel



---------------  S Y S T E M  ---------------

OS: Windows 8.1 , 64 bit Build 9600 

CPU:total 4 (2 cores per cpu, 2 threads per core) family 6 model 60 stepping 3, cmov, cx8, fxsr, mmx, sse, sse2, sse3, ssse3, sse4.1, sse4.2, popcnt, avx, avx2, aes, clmul, erms, lzcnt, ht, tsc, tscinvbit, bmi1, bmi2

Memory: 4k page, physical 8309784k(887976k free), swap 13007896k(11780k free)

vm_info: Java HotSpot(TM) 64-Bit Server VM (25.25-b02) for windows-amd64 JRE (1.8.0_25-b18), built on Oct  7 2014 14:25:37 by "java_re" with MS VC++ 10.0 (VS2010)

time: Fri Apr 22 19:56:30 2016
elapsed time: 1 seconds (0d 0h 0m 1s)

