#
# There is insufficient memory for the Java Runtime Environment to continue.
# Native memory allocation (malloc) failed to allocate 32784 bytes for Chunk::new
# Possible reasons:
#   The system is out of physical RAM or swap space
#   In 32 bit mode, the process size limit was hit
# Possible solutions:
#   Reduce memory load on the system
#   Increase physical memory or swap space
#   Check if swap backing store is full
#   Use 64 bit Java on a 64 bit OS
#   Decrease Java heap size (-Xmx/-Xms)
#   Decrease number of Java threads
#   Decrease Java thread stack sizes (-Xss)
#   Set larger code cache with -XX:ReservedCodeCacheSize=
# This output file may be truncated or incomplete.
#
#  Out of Memory Error (allocation.cpp:390), pid=7416, tid=14236
#
# JRE version: Java(TM) SE Runtime Environment (8.0_25-b18) (build 1.8.0_25-b18)
# Java VM: Java HotSpot(TM) 64-Bit Server VM (25.25-b02 mixed mode windows-amd64 compressed oops)
# Failed to write core dump. Minidumps are not enabled by default on client versions of Windows
#

---------------  T H R E A D  ---------------

Current thread (0x0000000014a4d800):  JavaThread "C2 CompilerThread1" daemon [_thread_in_native, id=14236, stack(0x0000000016050000,0x0000000016150000)]

Stack: [0x0000000016050000,0x0000000016150000]
Native frames: (J=compiled Java code, j=interpreted, Vv=VM code, C=native code)
V  [jvm.dll+0x31667a]
V  [jvm.dll+0x267073]
V  [jvm.dll+0x267cb3]
V  [jvm.dll+0x25f5b5]
V  [jvm.dll+0xbf165]
V  [jvm.dll+0xbf60c]
V  [jvm.dll+0xbf8b4]
V  [jvm.dll+0x4e6020]
V  [jvm.dll+0x49eb96]
V  [jvm.dll+0x452b41]
V  [jvm.dll+0x453864]
V  [jvm.dll+0x437372]
V  [jvm.dll+0x98a02]
V  [jvm.dll+0x991f3]
V  [jvm.dll+0x22bde4]
V  [jvm.dll+0x2852fa]
C  [msvcr100.dll+0x21d9f]
C  [msvcr100.dll+0x21e3b]
C  [KERNEL32.DLL+0x18102]
C  [ntdll.dll+0x5c5b4]


Current CompileTask:
C2:   5285  863   !   4       com.android.dx.rop.code.RegisterSpec::intern (70 bytes)


---------------  P R O C E S S  ---------------

Java Threads: ( => current thread )
  0x000000000212d800 JavaThread "DestroyJavaVM" [_thread_blocked, id=7412, stack(0x0000000001f60000,0x0000000002060000)]
  0x0000000014a5b800 JavaThread "Service Thread" daemon [_thread_blocked, id=12132, stack(0x0000000016250000,0x0000000016350000)]
  0x0000000014a50800 JavaThread "C1 CompilerThread2" daemon [_thread_blocked, id=13864, stack(0x0000000016150000,0x0000000016250000)]
=>0x0000000014a4d800 JavaThread "C2 CompilerThread1" daemon [_thread_in_native, id=14236, stack(0x0000000016050000,0x0000000016150000)]
  0x00000000149fc800 JavaThread "C2 CompilerThread0" daemon [_thread_in_native, id=8164, stack(0x0000000015f50000,0x0000000016050000)]
  0x00000000149fb000 JavaThread "Attach Listener" daemon [_thread_blocked, id=13492, stack(0x0000000015e50000,0x0000000015f50000)]
  0x00000000149fa000 JavaThread "Signal Dispatcher" daemon [_thread_blocked, id=14076, stack(0x0000000015d50000,0x0000000015e50000)]
  0x0000000002321800 JavaThread "Finalizer" daemon [_thread_blocked, id=9220, stack(0x0000000015c50000,0x0000000015d50000)]
  0x000000000231e000 JavaThread "Reference Handler" daemon [_thread_blocked, id=11560, stack(0x0000000015b50000,0x0000000015c50000)]

Other Threads:
  0x00000000149c5000 VMThread [stack: 0x0000000015a50000,0x0000000015b50000] [id=14096]
  0x0000000014a5d800 WatcherThread [stack: 0x0000000016350000,0x0000000016450000] [id=4848]

VM state:not at safepoint (normal execution)

VM Mutex/Monitor currently owned by a thread: None

Heap:
 PSYoungGen      total 38400K, used 2394K [0x00000000eab00000, 0x00000000ed580000, 0x0000000100000000)
  eden space 33280K, 7% used [0x00000000eab00000,0x00000000ead568e8,0x00000000ecb80000)
  from space 5120K, 0% used [0x00000000ecb80000,0x00000000ecb80000,0x00000000ed080000)
  to   space 5120K, 0% used [0x00000000ed080000,0x00000000ed080000,0x00000000ed580000)
 ParOldGen       total 60928K, used 4393K [0x00000000c0000000, 0x00000000c3b80000, 0x00000000eab00000)
  object space 60928K, 7% used [0x00000000c0000000,0x00000000c044a548,0x00000000c3b80000)
 Metaspace       used 6292K, capacity 7064K, committed 7424K, reserved 1058816K
  class space    used 633K, capacity 656K, committed 768K, reserved 1048576K

Card table byte_map: [0x00000000116f0000,0x0000000011900000] byte_map_base: 0x00000000110f0000

Marking Bits: (ParMarkBitMap*) 0x000000006166d490
 Begin Bits: [0x0000000011e60000, 0x0000000012e60000)
 End Bits:   [0x0000000012e60000, 0x0000000013e60000)

Polling page: 0x0000000000710000

CodeCache: size=245760Kb used=4525Kb max_used=4525Kb free=241234Kb
 bounds [0x0000000002330000, 0x00000000027a0000, 0x0000000011330000]
 total_blobs=1531 nmethods=1260 adapters=185
 compilation: enabled

Compilation events (10 events):
Event: 3.464 Thread 0x0000000014a50800  868   !   3       com.android.dx.rop.code.LocalVariableInfo::setStarts (40 bytes)
Event: 3.464 Thread 0x0000000014a50800 nmethod 868 0x000000000268c710 code [0x000000000268c8c0, 0x000000000268cee8]
Event: 3.464 Thread 0x0000000014a50800  870       3       com.android.dx.dex.code.RopTranslator$TranslationVisitor::visitPlainInsn (161 bytes)
Event: 3.465 Thread 0x00000000149fc800  872   !   4       com.android.dx.util.IntList::<init> (37 bytes)
Event: 3.465 Thread 0x0000000014a50800 nmethod 870 0x000000000268f810 code [0x000000000268faa0, 0x0000000002690df8]
Event: 3.465 Thread 0x0000000014a50800  869       3       com.android.dx.rop.code.Rop::isCommutative (60 bytes)
Event: 3.465 Thread 0x0000000014a50800 nmethod 869 0x0000000002691850 code [0x00000000026919a0, 0x0000000002691b30]
Event: 3.465 Thread 0x0000000014a50800  871       3       com.android.dx.rop.type.StdTypeList::getType (6 bytes)
Event: 3.465 Thread 0x0000000014a50800 nmethod 871 0x0000000002691bd0 code [0x0000000002691d40, 0x0000000002692108]
Event: 3.466 Thread 0x00000000149fc800 nmethod 872 0x0000000002694f50 code [0x00000000026950a0, 0x00000000026951d8]

GC Heap History (0 events):
No events

Deoptimization events (4 events):
Event: 3.047 Thread 0x000000001663f800 Uncommon trap: reason=class_check action=maybe_recompile pc=0x0000000002507f30 method=com.android.dx.rop.cst.CstMemberRef.compareTo0(Lcom/android/dx/rop/cst/Constant;)I @ 1
Event: 3.093 Thread 0x000000001658a800 Uncommon trap: reason=class_check action=maybe_recompile pc=0x0000000002507f30 method=com.android.dx.rop.cst.CstMemberRef.compareTo0(Lcom/android/dx/rop/cst/Constant;)I @ 1
Event: 3.094 Thread 0x000000001658a800 Uncommon trap: reason=class_check action=maybe_recompile pc=0x0000000002507f30 method=com.android.dx.rop.cst.CstMemberRef.compareTo0(Lcom/android/dx/rop/cst/Constant;)I @ 1
Event: 3.103 Thread 0x00000000165aa000 Uncommon trap: reason=class_check action=maybe_recompile pc=0x0000000002507f30 method=com.android.dx.rop.cst.CstMemberRef.compareTo0(Lcom/android/dx/rop/cst/Constant;)I @ 1

Internal exceptions (10 events):
Event: 3.038 Thread 0x000000001663f800 Exception <a 'java/security/PrivilegedActionException'> (0x00000000eb29fbe0) thrown at [D:\re\workspace\8-2-build-windows-amd64-cygwin\jdk8u25\1677\hotspot\src\share\vm\prims\jvm.cpp, line 1312]
Event: 3.042 Thread 0x000000001663f800 Exception <a 'java/security/PrivilegedActionException'> (0x00000000eb2acaf8) thrown at [D:\re\workspace\8-2-build-windows-amd64-cygwin\jdk8u25\1677\hotspot\src\share\vm\prims\jvm.cpp, line 1312]
Event: 3.043 Thread 0x000000001663f800 Exception <a 'java/security/PrivilegedActionException'> (0x00000000eb2b2d30) thrown at [D:\re\workspace\8-2-build-windows-amd64-cygwin\jdk8u25\1677\hotspot\src\share\vm\prims\jvm.cpp, line 1312]
Event: 3.044 Thread 0x000000001663f800 Exception <a 'java/security/PrivilegedActionException'> (0x00000000eb2b73e8) thrown at [D:\re\workspace\8-2-build-windows-amd64-cygwin\jdk8u25\1677\hotspot\src\share\vm\prims\jvm.cpp, line 1312]
Event: 3.044 Thread 0x000000001663f800 Exception <a 'java/security/PrivilegedActionException'> (0x00000000eb2bce00) thrown at [D:\re\workspace\8-2-build-windows-amd64-cygwin\jdk8u25\1677\hotspot\src\share\vm\prims\jvm.cpp, line 1312]
Event: 3.045 Thread 0x000000001663f800 Exception <a 'java/security/PrivilegedActionException'> (0x00000000eb2c5ac0) thrown at [D:\re\workspace\8-2-build-windows-amd64-cygwin\jdk8u25\1677\hotspot\src\share\vm\prims\jvm.cpp, line 1312]
Event: 3.046 Thread 0x000000001663f800 Exception <a 'java/security/PrivilegedActionException'> (0x00000000eb2caf38) thrown at [D:\re\workspace\8-2-build-windows-amd64-cygwin\jdk8u25\1677\hotspot\src\share\vm\prims\jvm.cpp, line 1312]
Event: 3.047 Thread 0x000000001663f800 Exception <a 'java/security/PrivilegedActionException'> (0x00000000eb2cdf20) thrown at [D:\re\workspace\8-2-build-windows-amd64-cygwin\jdk8u25\1677\hotspot\src\share\vm\prims\jvm.cpp, line 1312]
Event: 3.047 Thread 0x000000001663f800 Exception <a 'java/security/PrivilegedActionException'> (0x00000000eb5ab4f0) thrown at [D:\re\workspace\8-2-build-windows-amd64-cygwin\jdk8u25\1677\hotspot\src\share\vm\prims\jvm.cpp, line 1312]
Event: 3.108 Thread 0x000000001663f800 Exception <a 'java/security/PrivilegedActionException'> (0x00000000eb5f4d68) thrown at [D:\re\workspace\8-2-build-windows-amd64-cygwin\jdk8u25\1677\hotspot\src\share\vm\prims\jvm.cpp, line 1312]

Events (10 events):
Event: 3.094 Thread 0x000000001658a800 Uncommon trap: trap_request=0xffffffde fr.pc=0x0000000002507f30
Event: 3.094 Thread 0x000000001658a800 DEOPT PACKING pc=0x0000000002507f30 sp=0x000000001694e650
Event: 3.094 Thread 0x000000001658a800 DEOPT UNPACKING pc=0x000000000237556a sp=0x000000001694e5d8 mode 2
Event: 3.103 Thread 0x00000000165aa000 Uncommon trap: trap_request=0xffffffde fr.pc=0x0000000002507f30
Event: 3.103 Thread 0x00000000165aa000 DEOPT PACKING pc=0x0000000002507f30 sp=0x0000000016b4eea0
Event: 3.103 Thread 0x00000000165aa000 DEOPT UNPACKING pc=0x000000000237556a sp=0x0000000016b4ee28 mode 2
Event: 3.108 loading class com/android/dx/ssa/back/FirstFitLocalCombiningAllocator$Multiset
Event: 3.108 loading class com/android/dx/ssa/back/FirstFitLocalCombiningAllocator$Multiset done
Event: 3.115 loading class java/util/DualPivotQuicksort
Event: 3.116 loading class java/util/DualPivotQuicksort done


Dynamic libraries:
0x00007ff75ee40000 - 0x00007ff75ee74000 	C:\Program Files\Java\jdk1.8.0_25\bin\java.exe
0x00007ffb4eb40000 - 0x00007ffb4ed01000 	C:\WINDOWS\SYSTEM32\ntdll.dll
0x00007ffb4c380000 - 0x00007ffb4c42d000 	C:\WINDOWS\system32\KERNEL32.DLL
0x00007ffb4bcf0000 - 0x00007ffb4bed8000 	C:\WINDOWS\system32\KERNELBASE.dll
0x00007ffb4e620000 - 0x00007ffb4e6c7000 	C:\WINDOWS\system32\ADVAPI32.dll
0x00007ffb4e020000 - 0x00007ffb4e0bd000 	C:\WINDOWS\system32\msvcrt.dll
0x00007ffb4dba0000 - 0x00007ffb4dbfb000 	C:\WINDOWS\system32\sechost.dll
0x00007ffb4e220000 - 0x00007ffb4e33c000 	C:\WINDOWS\system32\RPCRT4.dll
0x00007ffb4e0c0000 - 0x00007ffb4e216000 	C:\WINDOWS\system32\USER32.dll
0x00007ffb4e950000 - 0x00007ffb4ead6000 	C:\WINDOWS\system32\GDI32.dll
0x00007ffb3f010000 - 0x00007ffb3f284000 	C:\WINDOWS\WinSxS\amd64_microsoft.windows.common-controls_6595b64144ccf1df_6.0.10586.0_none_8c15ae12515e1c22\COMCTL32.dll
0x00007ffb4e6d0000 - 0x00007ffb4e94d000 	C:\WINDOWS\system32\combase.dll
0x00007ffb4b2b0000 - 0x00007ffb4b31a000 	C:\WINDOWS\system32\bcryptPrimitives.dll
0x00007ffb4ddb0000 - 0x00007ffb4ddeb000 	C:\WINDOWS\system32\IMM32.DLL
0x0000000060a10000 - 0x0000000060ae2000 	C:\Program Files\Java\jdk1.8.0_25\jre\bin\msvcr100.dll
0x0000000060e90000 - 0x00000000616ea000 	C:\Program Files\Java\jdk1.8.0_25\jre\bin\server\jvm.dll
0x00007ffb4df40000 - 0x00007ffb4df48000 	C:\WINDOWS\system32\PSAPI.DLL
0x00007ffb3dda0000 - 0x00007ffb3dda9000 	C:\WINDOWS\SYSTEM32\WSOCK32.dll
0x00007ffb4de70000 - 0x00007ffb4dedb000 	C:\WINDOWS\system32\WS2_32.dll
0x00007ffb49a80000 - 0x00007ffb49aa3000 	C:\WINDOWS\SYSTEM32\WINMM.dll
0x00007ffb49a20000 - 0x00007ffb49a4c000 	C:\WINDOWS\SYSTEM32\WINMMBASE.dll
0x00007ffb4bbf0000 - 0x00007ffb4bc33000 	C:\WINDOWS\system32\cfgmgr32.dll
0x0000000060e80000 - 0x0000000060e8f000 	C:\Program Files\Java\jdk1.8.0_25\jre\bin\verify.dll
0x0000000060e50000 - 0x0000000060e78000 	C:\Program Files\Java\jdk1.8.0_25\jre\bin\java.dll
0x0000000060e30000 - 0x0000000060e46000 	C:\Program Files\Java\jdk1.8.0_25\jre\bin\zip.dll
0x00007ffb4c4f0000 - 0x00007ffb4da4c000 	C:\WINDOWS\system32\SHELL32.dll
0x00007ffb4b3b0000 - 0x00007ffb4b9f5000 	C:\WINDOWS\system32\windows.storage.dll
0x00007ffb4eae0000 - 0x00007ffb4eb32000 	C:\WINDOWS\system32\shlwapi.dll
0x00007ffb4b160000 - 0x00007ffb4b16f000 	C:\WINDOWS\system32\kernel.appcore.dll
0x00007ffb4b1f0000 - 0x00007ffb4b2a5000 	C:\WINDOWS\system32\shcore.dll
0x00007ffb4b170000 - 0x00007ffb4b1bb000 	C:\WINDOWS\system32\powrprof.dll
0x00007ffb4b1d0000 - 0x00007ffb4b1e4000 	C:\WINDOWS\system32\profapi.dll
0x00007ffb47260000 - 0x00007ffb473ec000 	C:\WINDOWS\SYSTEM32\dbghelp.dll

VM Arguments:
jvm_args: -Djava.awt.headless=true -Xmx1024M -Dfile.encoding=windows-1252 -Duser.country=US -Duser.language=en -Duser.variant 
java_command: com.android.dx.command.Main --dex --force-jumbo --num-threads=4 --multi-dex --output C:\Users\Kayla\AndroidStudioProjects\FinalProject\app\build\intermediates\transforms\dex\debug\folders\1000\5\slice_9 C:\Users\Kayla\AndroidStudioProjects\FinalProject\app\build\intermediates\transforms\instantRunSlicer\debug\folders\1\5\slice_9
java_class_path (initial): C:\Users\Kayla\AppData\Local\Android\sdk\build-tools\23.0.2\lib\dx.jar
Launcher Type: SUN_STANDARD

Environment Variables:
JAVA_HOME=C:\Program Files\Java\jdk1.8.0_25
PATH=C:\ProgramData\Oracle\Java\javapath;C:\Program Files (x86)\Intel\iCLS Client\;C:\Program Files\Intel\iCLS Client\;C:\WINDOWS\system32;C:\WINDOWS;C:\WINDOWS\System32\Wbem;C:\WINDOWS\System32\WindowsPowerShell\v1.0\;C:\Program Files\Intel\Intel(R) Management Engine Components\DAL;C:\Program Files\Intel\Intel(R) Management Engine Components\IPT;C:\Program Files (x86)\Intel\Intel(R) Management Engine Components\DAL;C:\Program Files (x86)\Intel\Intel(R) Management Engine Components\IPT;c:\Program Files\Intel\WiFi\bin\;c:\Program Files\Common Files\Intel\WirelessCommon\;C:\Program Files (x86)\Autodesk\Backburner\;C:\Program Files\OpenVPN\bin;C:\Program Files (x86)\Windows Kits\8.1\Windows Performance Toolkit\;C:\Program Files\Microsoft SQL Server\110\Tools\Binn\;C:\Program Files (x86)\Microsoft SDKs\TypeScript\1.0\;C:\Program Files\Microsoft SQL Server\120\Tools\Binn\;C:\Program Files (x86)\Windows Live\Shared;C:\Program Files (x86)\nodejs\;c:\Program Files\Intel\WiFi\bin\;c:\Program Files\Common Files\Intel\WirelessCommon\;C:\Program Files (x86)\SSH Communications Security\SSH Secure Shell;C:\Users\Kayla\AppData\Roaming\npm
USERNAME=Kayla
OS=Windows_NT
PROCESSOR_IDENTIFIER=Intel64 Family 6 Model 60 Stepping 3, GenuineIntel



---------------  S Y S T E M  ---------------

OS: Windows 8.1 , 64 bit Build 9600 

CPU:total 4 (2 cores per cpu, 2 threads per core) family 6 model 60 stepping 3, cmov, cx8, fxsr, mmx, sse, sse2, sse3, ssse3, sse4.1, sse4.2, popcnt, avx, avx2, aes, clmul, erms, lzcnt, ht, tsc, tscinvbit, bmi1, bmi2

Memory: 4k page, physical 8309784k(1027236k free), swap 13007896k(459324k free)

vm_info: Java HotSpot(TM) 64-Bit Server VM (25.25-b02) for windows-amd64 JRE (1.8.0_25-b18), built on Oct  7 2014 14:25:37 by "java_re" with MS VC++ 10.0 (VS2010)

time: Sat Apr 16 21:27:11 2016
elapsed time: 5 seconds (0d 0h 0m 5s)

