#
# There is insufficient memory for the Java Runtime Environment to continue.
# Native memory allocation (malloc) failed to allocate 571856 bytes for Chunk::new
# Possible reasons:
#   The system is out of physical RAM or swap space
#   In 32 bit mode, the process size limit was hit
# Possible solutions:
#   Reduce memory load on the system
#   Increase physical memory or swap space
#   Check if swap backing store is full
#   Use 64 bit Java on a 64 bit OS
#   Decrease Java heap size (-Xmx/-Xms)
#   Decrease number of Java threads
#   Decrease Java thread stack sizes (-Xss)
#   Set larger code cache with -XX:ReservedCodeCacheSize=
# This output file may be truncated or incomplete.
#
#  Out of Memory Error (allocation.cpp:390), pid=13796, tid=8284
#
# JRE version: Java(TM) SE Runtime Environment (8.0_25-b18) (build 1.8.0_25-b18)
# Java VM: Java HotSpot(TM) 64-Bit Server VM (25.25-b02 mixed mode windows-amd64 compressed oops)
# Failed to write core dump. Minidumps are not enabled by default on client versions of Windows
#

---------------  T H R E A D  ---------------

Current thread (0x0000000014931000):  JavaThread "C2 CompilerThread1" daemon [_thread_in_native, id=8284, stack(0x0000000015f30000,0x0000000016030000)]

Stack: [0x0000000015f30000,0x0000000016030000]
Native frames: (J=compiled Java code, j=interpreted, Vv=VM code, C=native code)
V  [jvm.dll+0x31667a]
V  [jvm.dll+0x267073]
V  [jvm.dll+0x267cb3]
V  [jvm.dll+0x25f5b5]
V  [jvm.dll+0xbf165]
V  [jvm.dll+0xbf60c]
V  [jvm.dll+0x45d672]
V  [jvm.dll+0x49e8ef]
V  [jvm.dll+0x452668]
V  [jvm.dll+0x453864]
V  [jvm.dll+0x437372]
V  [jvm.dll+0x98a02]
V  [jvm.dll+0x991f3]
V  [jvm.dll+0x22bde4]
V  [jvm.dll+0x2852fa]
C  [msvcr100.dll+0x21d9f]
C  [msvcr100.dll+0x21e3b]
C  [KERNEL32.DLL+0x18102]


Current CompileTask:
C2:   5317 1371       4       com.android.dx.ssa.back.FirstFitLocalCombiningAllocator::tryMapReg (41 bytes)


---------------  P R O C E S S  ---------------

Java Threads: ( => current thread )
  0x000000000200d800 JavaThread "DestroyJavaVM" [_thread_blocked, id=936, stack(0x0000000001eb0000,0x0000000001fb0000)]
  0x000000001493b800 JavaThread "Service Thread" daemon [_thread_blocked, id=12712, stack(0x0000000016130000,0x0000000016230000)]
  0x0000000014933800 JavaThread "C1 CompilerThread2" daemon [_thread_blocked, id=5188, stack(0x0000000016030000,0x0000000016130000)]
=>0x0000000014931000 JavaThread "C2 CompilerThread1" daemon [_thread_in_native, id=8284, stack(0x0000000015f30000,0x0000000016030000)]
  0x00000000148dc800 JavaThread "C2 CompilerThread0" daemon [_thread_in_native, id=10164, stack(0x0000000015e30000,0x0000000015f30000)]
  0x00000000148db000 JavaThread "Attach Listener" daemon [_thread_blocked, id=13904, stack(0x0000000015d30000,0x0000000015e30000)]
  0x00000000148da000 JavaThread "Signal Dispatcher" daemon [_thread_blocked, id=11024, stack(0x0000000015c30000,0x0000000015d30000)]
  0x0000000002201800 JavaThread "Finalizer" daemon [_thread_blocked, id=2760, stack(0x0000000015b30000,0x0000000015c30000)]
  0x00000000021fe000 JavaThread "Reference Handler" daemon [_thread_blocked, id=14044, stack(0x0000000015a30000,0x0000000015b30000)]

Other Threads:
  0x00000000148a5000 VMThread [stack: 0x0000000015930000,0x0000000015a30000] [id=6124]
  0x000000001493d800 WatcherThread [stack: 0x0000000016230000,0x0000000016330000] [id=9568]

VM state:not at safepoint (normal execution)

VM Mutex/Monitor currently owned by a thread: None

Heap:
 PSYoungGen      total 71680K, used 33699K [0x00000000eab00000, 0x00000000ef600000, 0x0000000100000000)
  eden space 66560K, 42% used [0x00000000eab00000,0x00000000ec6eabe8,0x00000000eec00000)
  from space 5120K, 99% used [0x00000000ef100000,0x00000000ef5fe360,0x00000000ef600000)
  to   space 5120K, 0% used [0x00000000eec00000,0x00000000eec00000,0x00000000ef100000)
 ParOldGen       total 87552K, used 16146K [0x00000000c0000000, 0x00000000c5580000, 0x00000000eab00000)
  object space 87552K, 18% used [0x00000000c0000000,0x00000000c0fc4840,0x00000000c5580000)
 Metaspace       used 6467K, capacity 7256K, committed 7424K, reserved 1058816K
  class space    used 637K, capacity 656K, committed 768K, reserved 1048576K

Card table byte_map: [0x00000000115d0000,0x00000000117e0000] byte_map_base: 0x0000000010fd0000

Marking Bits: (ParMarkBitMap*) 0x000000006166d490
 Begin Bits: [0x0000000011d40000, 0x0000000012d40000)
 End Bits:   [0x0000000012d40000, 0x0000000013d40000)

Polling page: 0x0000000001e40000

CodeCache: size=245760Kb used=6574Kb max_used=6574Kb free=239185Kb
 bounds [0x0000000002210000, 0x0000000002890000, 0x0000000011210000]
 total_blobs=1958 nmethods=1684 adapters=186
 compilation: disabled (not enough contiguous free space left)

Compilation events (10 events):
Event: 3.726 Thread 0x00000000148dc800 nmethod 1372 0x00000000027983d0 code [0x0000000002798520, 0x0000000002798728]
Event: 3.729 Thread 0x00000000148dc800 1373       4       com.android.dx.rop.code.ThrowingCstInsn::withNewRegisters (25 bytes)
Event: 3.731 Thread 0x00000000148dc800 nmethod 1373 0x00000000027a1f10 code [0x00000000027a2060, 0x00000000027a2298]
Event: 3.732 Thread 0x00000000148dc800 1374       4       com.android.dx.rop.code.ThrowingInsn::<init> (49 bytes)
Event: 3.733 Thread 0x00000000148dc800 nmethod 1374 0x00000000027a3410 code [0x00000000027a3560, 0x00000000027a36b8]
Event: 3.734 Thread 0x00000000148dc800 1375       4       com.android.dx.ssa.PhiInsn::mapSourceRegisters (78 bytes)
Event: 3.735 Thread 0x0000000014933800 1376       3       com.android.dx.ssa.back.SsaToRop::removePhiFunctions (83 bytes)
Event: 3.736 Thread 0x0000000014933800 nmethod 1376 0x000000000279a010 code [0x000000000279a2e0, 0x000000000279b668]
Event: 3.739 Thread 0x0000000014933800 1381       3       com.android.dx.ssa.SsaBasicBlock::addMoveToEnd (172 bytes)
Event: 3.741 Thread 0x0000000014933800 nmethod 1381 0x00000000027a4d10 code [0x00000000027a5080, 0x00000000027a6f08]

GC Heap History (4 events):
Event: 2.094 GC heap before
{Heap before GC invocations=1 (full 0):
 PSYoungGen      total 38400K, used 33280K [0x00000000eab00000, 0x00000000ed580000, 0x0000000100000000)
  eden space 33280K, 100% used [0x00000000eab00000,0x00000000ecb80000,0x00000000ecb80000)
  from space 5120K, 0% used [0x00000000ed080000,0x00000000ed080000,0x00000000ed580000)
  to   space 5120K, 0% used [0x00000000ecb80000,0x00000000ecb80000,0x00000000ed080000)
 ParOldGen       total 87552K, used 0K [0x00000000c0000000, 0x00000000c5580000, 0x00000000eab00000)
  object space 87552K, 0% used [0x00000000c0000000,0x00000000c0000000,0x00000000c5580000)
 Metaspace       used 5781K, capacity 6832K, committed 7040K, reserved 1056768K
  class space    used 581K, capacity 616K, committed 640K, reserved 1048576K
Event: 2.117 GC heap after
Heap after GC invocations=1 (full 0):
 PSYoungGen      total 38400K, used 5108K [0x00000000eab00000, 0x00000000ef600000, 0x0000000100000000)
  eden space 33280K, 0% used [0x00000000eab00000,0x00000000eab00000,0x00000000ecb80000)
  from space 5120K, 99% used [0x00000000ecb80000,0x00000000ed07d340,0x00000000ed080000)
  to   space 5120K, 0% used [0x00000000ef100000,0x00000000ef100000,0x00000000ef600000)
 ParOldGen       total 87552K, used 3758K [0x00000000c0000000, 0x00000000c5580000, 0x00000000eab00000)
  object space 87552K, 4% used [0x00000000c0000000,0x00000000c03ab8c8,0x00000000c5580000)
 Metaspace       used 5781K, capacity 6832K, committed 7040K, reserved 1056768K
  class space    used 581K, capacity 616K, committed 640K, reserved 1048576K
}
Event: 3.508 GC heap before
{Heap before GC invocations=2 (full 0):
 PSYoungGen      total 38400K, used 38388K [0x00000000eab00000, 0x00000000ef600000, 0x0000000100000000)
  eden space 33280K, 100% used [0x00000000eab00000,0x00000000ecb80000,0x00000000ecb80000)
  from space 5120K, 99% used [0x00000000ecb80000,0x00000000ed07d340,0x00000000ed080000)
  to   space 5120K, 0% used [0x00000000ef100000,0x00000000ef100000,0x00000000ef600000)
 ParOldGen       total 87552K, used 3758K [0x00000000c0000000, 0x00000000c5580000, 0x00000000eab00000)
  object space 87552K, 4% used [0x00000000c0000000,0x00000000c03ab8c8,0x00000000c5580000)
 Metaspace       used 5827K, capacity 6832K, committed 7040K, reserved 1056768K
  class space    used 584K, capacity 616K, committed 640K, reserved 1048576K
Event: 3.603 GC heap after
Heap after GC invocations=2 (full 0):
 PSYoungGen      total 71680K, used 5112K [0x00000000eab00000, 0x00000000ef600000, 0x0000000100000000)
  eden space 66560K, 0% used [0x00000000eab00000,0x00000000eab00000,0x00000000eec00000)
  from space 5120K, 99% used [0x00000000ef100000,0x00000000ef5fe360,0x00000000ef600000)
  to   space 5120K, 0% used [0x00000000eec00000,0x00000000eec00000,0x00000000ef100000)
 ParOldGen       total 87552K, used 16146K [0x00000000c0000000, 0x00000000c5580000, 0x00000000eab00000)
  object space 87552K, 18% used [0x00000000c0000000,0x00000000c0fc4840,0x00000000c5580000)
 Metaspace       used 5827K, capacity 6832K, committed 7040K, reserved 1056768K
  class space    used 584K, capacity 616K, committed 640K, reserved 1048576K
}

Deoptimization events (10 events):
Event: 1.313 Thread 0x0000000016576800 Uncommon trap: reason=class_check action=maybe_recompile pc=0x0000000002567f70 method=com.android.dx.rop.type.Type.equals(Ljava/lang/Object;)Z @ 8
Event: 1.314 Thread 0x0000000016576800 Uncommon trap: reason=class_check action=maybe_recompile pc=0x0000000002567f70 method=com.android.dx.rop.type.Type.equals(Ljava/lang/Object;)Z @ 8
Event: 3.313 Thread 0x000000000200d800 Uncommon trap: reason=unloaded action=reinterpret pc=0x00000000023c2500 method=com.android.dx.cf.cst.ConstantPoolParser.parse0(ILjava/util/BitSet;)Lcom/android/dx/rop/cst/Constant; @ 220
Event: 3.316 Thread 0x0000000016469800 Uncommon trap: reason=predicate action=maybe_recompile pc=0x0000000002711344 method=com.android.dx.ssa.PhiInsn.mapSourceRegisters(Lcom/android/dx/ssa/RegisterMapper;)V @ 17
Event: 3.318 Thread 0x0000000016469800 Uncommon trap: reason=class_check action=maybe_recompile pc=0x0000000002567f70 method=com.android.dx.rop.type.Type.equals(Ljava/lang/Object;)Z @ 8
Event: 3.318 Thread 0x0000000016469800 Uncommon trap: reason=class_check action=maybe_recompile pc=0x0000000002567f70 method=com.android.dx.rop.type.Type.equals(Ljava/lang/Object;)Z @ 8
Event: 3.325 Thread 0x0000000016469800 Uncommon trap: reason=unreached action=reinterpret pc=0x00000000026c6ee8 method=com.android.dx.rop.code.RegisterSpecSet.intersect(Lcom/android/dx/rop/code/RegisterSpecSet;Z)V @ 73
Event: 3.330 Thread 0x0000000016469800 Uncommon trap: reason=null_check action=make_not_entrant pc=0x000000000269c800 method=com.android.dx.ssa.SsaRenamer.getLocalForNewReg(I)Lcom/android/dx/rop/code/LocalItem; @ 19
Event: 3.386 Thread 0x0000000016469800 Uncommon trap: reason=uninitialized action=reinterpret pc=0x0000000002654b80 method=com.android.dx.cf.code.BytecodeArray.parseInstruction(ILcom/android/dx/cf/code/BytecodeArray$Visitor;)I @ 1095
Event: 3.735 Thread 0x0000000016576800 Uncommon trap: reason=class_check action=maybe_recompile pc=0x0000000002720c68 method=com.android.dx.ssa.PhiInsn.mapSourceRegisters(Lcom/android/dx/ssa/RegisterMapper;)V @ 37

Internal exceptions (10 events):
Event: 0.728 Thread 0x0000000016472000 Exception <a 'java/security/PrivilegedActionException'> (0x00000000eb5ade78) thrown at [D:\re\workspace\8-2-build-windows-amd64-cygwin\jdk8u25\1677\hotspot\src\share\vm\prims\jvm.cpp, line 1312]
Event: 0.728 Thread 0x000000000200d800 Exception <a 'java/security/PrivilegedActionException'> (0x00000000eb5257f8) thrown at [D:\re\workspace\8-2-build-windows-amd64-cygwin\jdk8u25\1677\hotspot\src\share\vm\prims\jvm.cpp, line 1312]
Event: 0.766 Thread 0x0000000016472000 Exception <a 'java/security/PrivilegedActionException'> (0x00000000eb5f7f28) thrown at [D:\re\workspace\8-2-build-windows-amd64-cygwin\jdk8u25\1677\hotspot\src\share\vm\prims\jvm.cpp, line 1312]
Event: 1.206 Thread 0x000000000200d800 Exception <a 'java/security/PrivilegedActionException'> (0x00000000eb93cae0) thrown at [D:\re\workspace\8-2-build-windows-amd64-cygwin\jdk8u25\1677\hotspot\src\share\vm\prims\jvm.cpp, line 1312]
Event: 2.172 Thread 0x0000000016577800 Exception <a 'java/security/PrivilegedActionException'> (0x00000000ebbacfe8) thrown at [D:\re\workspace\8-2-build-windows-amd64-cygwin\jdk8u25\1677\hotspot\src\share\vm\prims\jvm.cpp, line 1312]
Event: 2.548 Thread 0x0000000016577800 Exception <a 'java/security/PrivilegedActionException'> (0x00000000ebe51da0) thrown at [D:\re\workspace\8-2-build-windows-amd64-cygwin\jdk8u25\1677\hotspot\src\share\vm\prims\jvm.cpp, line 1312]
Event: 3.314 Thread 0x000000000200d800 Exception <a 'java/security/PrivilegedActionException'> (0x00000000ebf24b08) thrown at [D:\re\workspace\8-2-build-windows-amd64-cygwin\jdk8u25\1677\hotspot\src\share\vm\prims\jvm.cpp, line 1312]
Event: 3.330 Thread 0x0000000016469800 Implicit null exception at 0x000000000269b1c0 to 0x000000000269c7e5
Event: 3.346 Thread 0x0000000016469800 Exception <a 'java/security/PrivilegedActionException'> (0x00000000ec9a8e88) thrown at [D:\re\workspace\8-2-build-windows-amd64-cygwin\jdk8u25\1677\hotspot\src\share\vm\prims\jvm.cpp, line 1312]
Event: 3.381 Thread 0x0000000016469800 Exception <a 'java/security/PrivilegedActionException'> (0x00000000eca0ab50) thrown at [D:\re\workspace\8-2-build-windows-amd64-cygwin\jdk8u25\1677\hotspot\src\share\vm\prims\jvm.cpp, line 1312]

Events (10 events):
Event: 3.388 Thread 0x0000000016576800 DEOPT UNPACKING pc=0x00000000022575bf sp=0x0000000016b2e868 mode 0
Event: 3.401 Executing VM operation: ParallelGCFailedAllocation
Event: 3.603 Executing VM operation: ParallelGCFailedAllocation done
Event: 3.668 Thread 0x0000000016576800 DEOPT PACKING pc=0x0000000002743bcd sp=0x0000000016b2e990
Event: 3.668 Thread 0x0000000016576800 DEOPT UNPACKING pc=0x00000000022575bf sp=0x0000000016b2e690 mode 0
Event: 3.719 Thread 0x0000000016576800 DEOPT PACKING pc=0x00000000025bca38 sp=0x0000000016b2e810
Event: 3.719 Thread 0x0000000016576800 DEOPT UNPACKING pc=0x00000000022575bf sp=0x0000000016b2e538 mode 0
Event: 3.735 Thread 0x0000000016576800 Uncommon trap: trap_request=0xffffffde fr.pc=0x0000000002720c68
Event: 3.735 Thread 0x0000000016576800 DEOPT PACKING pc=0x0000000002720c68 sp=0x0000000016b2ec70
Event: 3.735 Thread 0x0000000016576800 DEOPT UNPACKING pc=0x000000000225556a sp=0x0000000016b2ec30 mode 2


Dynamic libraries:
0x00007ff75ee40000 - 0x00007ff75ee74000 	C:\Program Files\Java\jdk1.8.0_25\bin\java.exe
0x00007ffb4eb40000 - 0x00007ffb4ed01000 	C:\WINDOWS\SYSTEM32\ntdll.dll
0x00007ffb4c380000 - 0x00007ffb4c42d000 	C:\WINDOWS\system32\KERNEL32.DLL
0x00007ffb4bcf0000 - 0x00007ffb4bed8000 	C:\WINDOWS\system32\KERNELBASE.dll
0x00007ffb4e620000 - 0x00007ffb4e6c7000 	C:\WINDOWS\system32\ADVAPI32.dll
0x00007ffb4e020000 - 0x00007ffb4e0bd000 	C:\WINDOWS\system32\msvcrt.dll
0x00007ffb4dba0000 - 0x00007ffb4dbfb000 	C:\WINDOWS\system32\sechost.dll
0x00007ffb4e220000 - 0x00007ffb4e33c000 	C:\WINDOWS\system32\RPCRT4.dll
0x00007ffb4e0c0000 - 0x00007ffb4e216000 	C:\WINDOWS\system32\USER32.dll
0x00007ffb4e950000 - 0x00007ffb4ead6000 	C:\WINDOWS\system32\GDI32.dll
0x00007ffb3f010000 - 0x00007ffb3f284000 	C:\WINDOWS\WinSxS\amd64_microsoft.windows.common-controls_6595b64144ccf1df_6.0.10586.0_none_8c15ae12515e1c22\COMCTL32.dll
0x00007ffb4e6d0000 - 0x00007ffb4e94d000 	C:\WINDOWS\system32\combase.dll
0x00007ffb4b2b0000 - 0x00007ffb4b31a000 	C:\WINDOWS\system32\bcryptPrimitives.dll
0x00007ffb4ddb0000 - 0x00007ffb4ddeb000 	C:\WINDOWS\system32\IMM32.DLL
0x0000000060a10000 - 0x0000000060ae2000 	C:\Program Files\Java\jdk1.8.0_25\jre\bin\msvcr100.dll
0x0000000060e90000 - 0x00000000616ea000 	C:\Program Files\Java\jdk1.8.0_25\jre\bin\server\jvm.dll
0x00007ffb4df40000 - 0x00007ffb4df48000 	C:\WINDOWS\system32\PSAPI.DLL
0x00007ffb3dda0000 - 0x00007ffb3dda9000 	C:\WINDOWS\SYSTEM32\WSOCK32.dll
0x00007ffb4de70000 - 0x00007ffb4dedb000 	C:\WINDOWS\system32\WS2_32.dll
0x00007ffb49a80000 - 0x00007ffb49aa3000 	C:\WINDOWS\SYSTEM32\WINMM.dll
0x00007ffb49a20000 - 0x00007ffb49a4c000 	C:\WINDOWS\SYSTEM32\WINMMBASE.dll
0x00007ffb4bbf0000 - 0x00007ffb4bc33000 	C:\WINDOWS\system32\cfgmgr32.dll
0x0000000060e80000 - 0x0000000060e8f000 	C:\Program Files\Java\jdk1.8.0_25\jre\bin\verify.dll
0x0000000060e50000 - 0x0000000060e78000 	C:\Program Files\Java\jdk1.8.0_25\jre\bin\java.dll
0x0000000060e30000 - 0x0000000060e46000 	C:\Program Files\Java\jdk1.8.0_25\jre\bin\zip.dll
0x00007ffb4c4f0000 - 0x00007ffb4da4c000 	C:\WINDOWS\system32\SHELL32.dll
0x00007ffb4b3b0000 - 0x00007ffb4b9f5000 	C:\WINDOWS\system32\windows.storage.dll
0x00007ffb4eae0000 - 0x00007ffb4eb32000 	C:\WINDOWS\system32\shlwapi.dll
0x00007ffb4b160000 - 0x00007ffb4b16f000 	C:\WINDOWS\system32\kernel.appcore.dll
0x00007ffb4b1f0000 - 0x00007ffb4b2a5000 	C:\WINDOWS\system32\shcore.dll
0x00007ffb4b170000 - 0x00007ffb4b1bb000 	C:\WINDOWS\system32\powrprof.dll
0x00007ffb4b1d0000 - 0x00007ffb4b1e4000 	C:\WINDOWS\system32\profapi.dll
0x00007ffb47260000 - 0x00007ffb473ec000 	C:\WINDOWS\SYSTEM32\dbghelp.dll

VM Arguments:
jvm_args: -Djava.awt.headless=true -Xmx1024M -Dfile.encoding=windows-1252 -Duser.country=US -Duser.language=en -Duser.variant 
java_command: com.android.dx.command.Main --dex --force-jumbo --num-threads=4 --multi-dex --output C:\Users\Kayla\AndroidStudioProjects\FinalProject\app\build\intermediates\transforms\dex\debug\folders\1000\5\slice_2 C:\Users\Kayla\AndroidStudioProjects\FinalProject\app\build\intermediates\transforms\instantRunSlicer\debug\folders\1\5\slice_2
java_class_path (initial): C:\Users\Kayla\AppData\Local\Android\sdk\build-tools\23.0.2\lib\dx.jar
Launcher Type: SUN_STANDARD

Environment Variables:
JAVA_HOME=C:\Program Files\Java\jdk1.8.0_25
PATH=C:\ProgramData\Oracle\Java\javapath;C:\Program Files (x86)\Intel\iCLS Client\;C:\Program Files\Intel\iCLS Client\;C:\WINDOWS\system32;C:\WINDOWS;C:\WINDOWS\System32\Wbem;C:\WINDOWS\System32\WindowsPowerShell\v1.0\;C:\Program Files\Intel\Intel(R) Management Engine Components\DAL;C:\Program Files\Intel\Intel(R) Management Engine Components\IPT;C:\Program Files (x86)\Intel\Intel(R) Management Engine Components\DAL;C:\Program Files (x86)\Intel\Intel(R) Management Engine Components\IPT;c:\Program Files\Intel\WiFi\bin\;c:\Program Files\Common Files\Intel\WirelessCommon\;C:\Program Files (x86)\Autodesk\Backburner\;C:\Program Files\OpenVPN\bin;C:\Program Files (x86)\Windows Kits\8.1\Windows Performance Toolkit\;C:\Program Files\Microsoft SQL Server\110\Tools\Binn\;C:\Program Files (x86)\Microsoft SDKs\TypeScript\1.0\;C:\Program Files\Microsoft SQL Server\120\Tools\Binn\;C:\Program Files (x86)\Windows Live\Shared;C:\Program Files (x86)\nodejs\;c:\Program Files\Intel\WiFi\bin\;c:\Program Files\Common Files\Intel\WirelessCommon\;C:\Program Files (x86)\SSH Communications Security\SSH Secure Shell;C:\Users\Kayla\AppData\Roaming\npm
USERNAME=Kayla
OS=Windows_NT
PROCESSOR_IDENTIFIER=Intel64 Family 6 Model 60 Stepping 3, GenuineIntel



---------------  S Y S T E M  ---------------

OS: Windows 8.1 , 64 bit Build 9600 

CPU:total 4 (2 cores per cpu, 2 threads per core) family 6 model 60 stepping 3, cmov, cx8, fxsr, mmx, sse, sse2, sse3, ssse3, sse4.1, sse4.2, popcnt, avx, avx2, aes, clmul, erms, lzcnt, ht, tsc, tscinvbit, bmi1, bmi2

Memory: 4k page, physical 8309784k(1027240k free), swap 13007896k(459324k free)

vm_info: Java HotSpot(TM) 64-Bit Server VM (25.25-b02) for windows-amd64 JRE (1.8.0_25-b18), built on Oct  7 2014 14:25:37 by "java_re" with MS VC++ 10.0 (VS2010)

time: Sat Apr 16 21:27:11 2016
elapsed time: 5 seconds (0d 0h 0m 5s)

